0 info it worked if it ends with ok
1 verbose cli [ '/usr/local/Cellar/node/4.2.1/bin/node',
1 verbose cli   '/usr/local/bin/npm',
1 verbose cli   'bugs',
1 verbose cli   'happy_hour' ]
2 info using npm@2.14.7
3 info using node@v4.2.1
4 silly mapToRegistry name happy_hour
5 silly mapToRegistry using default registry
6 silly mapToRegistry registry https://registry.npmjs.org/
7 silly mapToRegistry uri https://registry.npmjs.org/happy_hour
8 verbose request uri https://registry.npmjs.org/happy_hour/latest
9 verbose request no auth needed
10 info attempt registry request try #1 at 1:41:30 PM
11 verbose request id adc3fe25b59a98a4
12 http request GET https://registry.npmjs.org/happy_hour/latest
13 http 404 https://registry.npmjs.org/happy_hour/latest
14 verbose headers { server: 'CouchDB/1.5.0 (Erlang OTP/R16B03)',
14 verbose headers   'content-type': 'application/json',
14 verbose headers   'cache-control': 'max-age=0',
14 verbose headers   'content-length': '51',
14 verbose headers   'accept-ranges': 'bytes',
14 verbose headers   date: 'Tue, 15 Mar 2016 20:41:31 GMT',
14 verbose headers   via: '1.1 varnish',
14 verbose headers   age: '0',
14 verbose headers   connection: 'keep-alive',
14 verbose headers   'x-served-by': 'cache-sjc3133-SJC',
14 verbose headers   'x-cache': 'MISS',
14 verbose headers   'x-cache-hits': '0',
14 verbose headers   'x-timer': 'S1458074490.967094,VS0,VE88' }
15 silly get cb [ 404,
15 silly get   { server: 'CouchDB/1.5.0 (Erlang OTP/R16B03)',
15 silly get     'content-type': 'application/json',
15 silly get     'cache-control': 'max-age=0',
15 silly get     'content-length': '51',
15 silly get     'accept-ranges': 'bytes',
15 silly get     date: 'Tue, 15 Mar 2016 20:41:31 GMT',
15 silly get     via: '1.1 varnish',
15 silly get     age: '0',
15 silly get     connection: 'keep-alive',
15 silly get     'x-served-by': 'cache-sjc3133-SJC',
15 silly get     'x-cache': 'MISS',
15 silly get     'x-cache-hits': '0',
15 silly get     'x-timer': 'S1458074490.967094,VS0,VE88' } ]
16 verbose stack Error: 404 Not Found: happy_hour
16 verbose stack     at makeError (/usr/local/lib/node_modules/npm/node_modules/npm-registry-client/lib/request.js:264:12)
16 verbose stack     at CachingRegistryClient.<anonymous> (/usr/local/lib/node_modules/npm/node_modules/npm-registry-client/lib/request.js:250:14)
16 verbose stack     at Request._callback (/usr/local/lib/node_modules/npm/node_modules/npm-registry-client/lib/request.js:172:14)
16 verbose stack     at Request.self.callback (/usr/local/lib/node_modules/npm/node_modules/request/request.js:198:22)
16 verbose stack     at emitTwo (events.js:87:13)
16 verbose stack     at Request.emit (events.js:172:7)
16 verbose stack     at Request.<anonymous> (/usr/local/lib/node_modules/npm/node_modules/request/request.js:1063:14)
16 verbose stack     at emitOne (events.js:82:20)
16 verbose stack     at Request.emit (events.js:169:7)
16 verbose stack     at IncomingMessage.<anonymous> (/usr/local/lib/node_modules/npm/node_modules/request/request.js:1009:12)
17 verbose statusCode 404
18 verbose pkgid happy_hour
19 verbose cwd /Users/cberning/Documents/happyhourapp
20 error Darwin 15.3.0
21 error argv "/usr/local/Cellar/node/4.2.1/bin/node" "/usr/local/bin/npm" "bugs" "happy_hour"
22 error node v4.2.1
23 error npm  v2.14.7
24 error code E404
25 error 404 Not Found: happy_hour
25 error 404
25 error 404 'happy_hour' is not in the npm registry.
25 error 404 You should bug the author to publish it (or use the name yourself!)
25 error 404
25 error 404 Note that you can also install from a
25 error 404 tarball, folder, http url, or git url.
26 verbose exit [ 1, true ]
